# JRE version: OpenJDK Runtime Environment Temurin-23.0.1+11 (23.0.1+11) (build 23.0.1+11)
# Java VM: OpenJDK 64-Bit Server VM Temurin-23.0.1+11 (23.0.1+11, mixed mode, sharing, tiered, compressed oops, compressed class ptrs, g1 gc, windows-amd64)
GC Precious Log:
 CardTable entry size: 512
 Card Set container configuration: InlinePtr #cards 5 size 8 Array Of Cards #cards 10 size 36 Howl #buckets 4 coarsen threshold 1843 Howl Bitmap #cards 512 size 80 coarsen threshold 460 Card regions per heap region 1 cards per card region 2048
 CPUs: 8 total, 8 available
 Memory: 8066M
 Large Page Support: Disabled
 NUMA Support: Disabled
 Compressed Oops: Enabled (32-bit)
 Heap Region Size: 1M
 Heap Min Capacity: 8M
 Heap Initial Capacity: 128M
 Heap Max Capacity: 2018M
 Pre-touch: Disabled
 Parallel Workers: 8
 Concurrent Workers: 2
 Concurrent Refinement Workers: 8
 Periodic GC: Disabled
Heap:
 garbage-first heap   total reserved 2066432K, committed 90112K, used 73810K [0x0000000081e00000, 0x0000000100000000)
  region size 1024K, 43 young (44032K), 6 survivors (6144K)
 Metaspace       used 84261K, committed 85248K, reserved 1179648K
  class space    used 11393K, committed 11904K, reserved 1048576K
GC Heap History (20 events):
Event: 10.072 GC heap before
{Heap before GC invocations=31 (full 0):
 garbage-first heap   total reserved 2066432K, committed 73728K, used 62875K [0x0000000081e00000, 0x0000000100000000)
  region size 1024K, 32 young (32768K), 5 survivors (5120K)
 Metaspace       used 73170K, committed 73984K, reserved 1114112K
  class space    used 9958K, committed 10304K, reserved 1048576K
}
Event: 10.077 GC heap after
{Heap after GC invocations=32 (full 0):
 garbage-first heap   total reserved 2066432K, committed 73728K, used 36760K [0x0000000081e00000, 0x0000000100000000)
  region size 1024K, 2 young (2048K), 2 survivors (2048K)
 Metaspace       used 73170K, committed 73984K, reserved 1114112K
  class space    used 9958K, committed 10304K, reserved 1048576K
}
Event: 10.503 GC heap before
{Heap before GC invocations=32 (full 0):
 garbage-first heap   total reserved 2066432K, committed 73728K, used 66456K [0x0000000081e00000, 0x0000000100000000)
  region size 1024K, 31 young (31744K), 2 survivors (2048K)
 Metaspace       used 74680K, committed 75456K, reserved 1179648K
  class space    used 10163K, committed 10496K, reserved 1048576K
}
Event: 10.507 GC heap after
{Heap after GC invocations=33 (full 0):
 garbage-first heap   total reserved 2066432K, committed 73728K, used 37950K [0x0000000081e00000, 0x0000000100000000)
  region size 1024K, 4 young (4096K), 4 survivors (4096K)
 Metaspace       used 74680K, committed 75456K, reserved 1179648K
  class space    used 10163K, committed 10496K, reserved 1048576K
}
Event: 10.959 GC heap before
{Heap before GC invocations=34 (full 0):
 garbage-first heap   total reserved 2066432K, committed 73728K, used 63550K [0x0000000081e00000, 0x0000000100000000)
  region size 1024K, 29 young (29696K), 4 survivors (4096K)
 Metaspace       used 75551K, committed 76352K, reserved 1179648K
  class space    used 10326K, committed 10688K, reserved 1048576K
}
Event: 10.964 GC heap after
{Heap after GC invocations=35 (full 0):
 garbage-first heap   total reserved 2066432K, committed 73728K, used 39701K [0x0000000081e00000, 0x0000000100000000)
  region size 1024K, 4 young (4096K), 4 survivors (4096K)
 Metaspace       used 75551K, committed 76352K, reserved 1179648K
  class space    used 10326K, committed 10688K, reserved 1048576K
}
Event: 11.260 GC heap before
{Heap before GC invocations=35 (full 0):
 garbage-first heap   total reserved 2066432K, committed 73728K, used 62229K [0x0000000081e00000, 0x0000000100000000)
  region size 1024K, 27 young (27648K), 4 survivors (4096K)
 Metaspace       used 76397K, committed 77184K, reserved 1179648K
  class space    used 10441K, committed 10816K, reserved 1048576K
}
Event: 11.267 GC heap after
{Heap after GC invocations=36 (full 0):
 garbage-first heap   total reserved 2066432K, committed 89088K, used 41223K [0x0000000081e00000, 0x0000000100000000)
  region size 1024K, 4 young (4096K), 4 survivors (4096K)
 Metaspace       used 76397K, committed 77184K, reserved 1179648K
  class space    used 10441K, committed 10816K, reserved 1048576K
}
Event: 26.254 GC heap before
{Heap before GC invocations=36 (full 0):
 garbage-first heap   total reserved 2066432K, committed 89088K, used 78087K [0x0000000081e00000, 0x0000000100000000)
  region size 1024K, 41 young (41984K), 4 survivors (4096K)
 Metaspace       used 80443K, committed 81344K, reserved 1179648K
  class space    used 10984K, committed 11392K, reserved 1048576K
}
Event: 26.261 GC heap after
{Heap after GC invocations=37 (full 0):
 garbage-first heap   total reserved 2066432K, committed 89088K, used 42729K [0x0000000081e00000, 0x0000000100000000)
  region size 1024K, 4 young (4096K), 4 survivors (4096K)
 Metaspace       used 80443K, committed 81344K, reserved 1179648K
  class space    used 10984K, committed 11392K, reserved 1048576K
}
Event: 165.840 GC heap before
{Heap before GC invocations=37 (full 0):
 garbage-first heap   total reserved 2066432K, committed 89088K, used 77545K [0x0000000081e00000, 0x0000000100000000)
  region size 1024K, 39 young (39936K), 4 survivors (4096K)
 Metaspace       used 83610K, committed 84544K, reserved 1179648K
  class space    used 11413K, committed 11840K, reserved 1048576K
}
Event: 165.848 GC heap after
{Heap after GC invocations=38 (full 0):
 garbage-first heap   total reserved 2066432K, committed 89088K, used 43688K [0x0000000081e00000, 0x0000000100000000)
  region size 1024K, 3 young (3072K), 3 survivors (3072K)
 Metaspace       used 83610K, committed 84544K, reserved 1179648K
  class space    used 11413K, committed 11840K, reserved 1048576K
}
Event: 1170.791 GC heap before
{Heap before GC invocations=38 (full 0):
 garbage-first heap   total reserved 2066432K, committed 89088K, used 80552K [0x0000000081e00000, 0x0000000100000000)
  region size 1024K, 39 young (39936K), 3 survivors (3072K)
 Metaspace       used 83701K, committed 84608K, reserved 1179648K
  class space    used 11413K, committed 11840K, reserved 1048576K
}
Event: 1170.801 GC heap after
{Heap after GC invocations=39 (full 0):
 garbage-first heap   total reserved 2066432K, committed 89088K, used 43399K [0x0000000081e00000, 0x0000000100000000)
  region size 1024K, 3 young (3072K), 3 survivors (3072K)
 Metaspace       used 83701K, committed 84608K, reserved 1179648K
  class space    used 11413K, committed 11840K, reserved 1048576K
}
Event: 2026.771 GC heap before
{Heap before GC invocations=40 (full 0):
 garbage-first heap   total reserved 2066432K, committed 89088K, used 80263K [0x0000000081e00000, 0x0000000100000000)
  region size 1024K, 39 young (39936K), 3 survivors (3072K)
 Metaspace       used 83926K, committed 84928K, reserved 1179648K
  class space    used 11444K, committed 11904K, reserved 1048576K
}
Event: 2026.774 GC heap after
{Heap after GC invocations=41 (full 0):
 garbage-first heap   total reserved 2066432K, committed 89088K, used 44224K [0x0000000081e00000, 0x0000000100000000)
  region size 1024K, 4 young (4096K), 4 survivors (4096K)
 Metaspace       used 83926K, committed 84928K, reserved 1179648K
  class space    used 11444K, committed 11904K, reserved 1048576K
}
Event: 2170.324 GC heap before
{Heap before GC invocations=41 (full 0):
 garbage-first heap   total reserved 2066432K, committed 89088K, used 51392K [0x0000000081e00000, 0x0000000100000000)
  region size 1024K, 12 young (12288K), 4 survivors (4096K)
 Metaspace       used 84043K, committed 85056K, reserved 1179648K
  class space    used 11467K, committed 11904K, reserved 1048576K
}
Event: 2170.376 GC heap after
{Heap after GC invocations=42 (full 1):
 garbage-first heap   total reserved 2066432K, committed 89088K, used 31308K [0x0000000081e00000, 0x0000000100000000)
  region size 1024K, 0 young (0K), 0 survivors (0K)
 Metaspace       used 83576K, committed 85056K, reserved 1179648K
  class space    used 11338K, committed 11904K, reserved 1048576K
}
Event: 2173.438 GC heap before
{Heap before GC invocations=42 (full 1):
 garbage-first heap   total reserved 2066432K, committed 89088K, used 81484K [0x0000000081e00000, 0x0000000100000000)
  region size 1024K, 49 young (50176K), 0 survivors (0K)
 Metaspace       used 83930K, committed 85056K, reserved 1179648K
  class space    used 11368K, committed 11904K, reserved 1048576K
}
Event: 2173.442 GC heap after
{Heap after GC invocations=43 (full 1):
 garbage-first heap   total reserved 2066432K, committed 90112K, used 36946K [0x0000000081e00000, 0x0000000100000000)
  region size 1024K, 6 young (6144K), 6 survivors (6144K)
 Metaspace       used 83930K, committed 85056K, reserved 1179648K
  class space    used 11368K, committed 11904K, reserved 1048576K
}

